<?xml version="1.0" encoding="utf-8"?><testsuites name="pytest tests"><testsuite name="pytest" errors="0" failures="1" skipped="0" tests="16" time="2.639" timestamp="2026-02-05T04:28:33.530412+00:00" hostname="agent-env-cf782ef3-ddcf-4806-b587-0d7b312bfc15"><testcase classname="backend.tests.test_new_features.TestAuth" name="test_login_success" time="0.311" /><testcase classname="backend.tests.test_new_features.TestAuth" name="test_login_invalid_credentials" time="0.043" /><testcase classname="backend.tests.test_new_features.TestEquipmentHardwareSoftware" name="test_create_equipment_with_hardware_specs" time="0.421" /><testcase classname="backend.tests.test_new_features.TestEquipmentHardwareSoftware" name="test_create_equipment_with_software_info" time="0.072" /><testcase classname="backend.tests.test_new_features.TestEquipmentHardwareSoftware" name="test_create_equipment_with_credentials" time="0.072" /><testcase classname="backend.tests.test_new_features.TestMaintenanceTypes" name="test_create_preventive_maintenance" time="0.364" /><testcase classname="backend.tests.test_new_features.TestMaintenanceTypes" name="test_create_corrective_maintenance" time="0.033" /><testcase classname="backend.tests.test_new_features.TestMaintenanceTypes" name="test_maintenance_workflow" time="0.116" /><testcase classname="backend.tests.test_new_features.TestMaintenanceTypes" name="test_maintenance_history_pdf" time="0.069"><failure message="assert 520 == 200&#10; +  where 520 = &lt;Response [520]&gt;.status_code">backend/tests/test_new_features.py:338: in test_maintenance_history_pdf
    assert response.status_code == 200
E   assert 520 == 200
E    +  where 520 = &lt;Response [520]&gt;.status_code</failure></testcase><testcase classname="backend.tests.test_new_features.TestInvoicesCFDI" name="test_create_invoice_with_cfdi_fields" time="0.323" /><testcase classname="backend.tests.test_new_features.TestInvoicesCFDI" name="test_invoice_status_update" time="0.071" /><testcase classname="backend.tests.test_new_features.TestInvoicesCFDI" name="test_invoice_pdf_download" time="0.066" /><testcase classname="backend.tests.test_new_features.TestQuotationsRFC" name="test_create_quotation_with_rfc_fields" time="0.322" /><testcase classname="backend.tests.test_new_features.TestQuotationsRFC" name="test_quotation_approve" time="0.108" /><testcase classname="backend.tests.test_new_features.TestQuotationsRFC" name="test_quotation_reject" time="0.068" /><testcase classname="backend.tests.test_new_features.TestQuotationsRFC" name="test_quotation_pdf_download" time="0.109" /></testsuite></testsuites>