<?xml version="1.0" encoding="utf-8"?><testsuites name="pytest tests"><testsuite name="pytest" errors="0" failures="0" skipped="0" tests="11" time="4.876" timestamp="2026-04-24T03:58:35.089956+00:00" hostname="agent-env-d50bb1df-4c62-439c-a06c-be2de3d9439e"><testcase classname="backend.tests.test_per_company_notifications" name="test_get_settings_legacy_global" time="0.627" /><testcase classname="backend.tests.test_per_company_notifications" name="test_get_settings_for_company" time="0.106" /><testcase classname="backend.tests.test_per_company_notifications" name="test_put_and_persist_company_settings" time="0.286" /><testcase classname="backend.tests.test_per_company_notifications" name="test_put_global_legacy_settings" time="0.120" /><testcase classname="backend.tests.test_per_company_notifications" name="test_get_all_companies_overview" time="0.185" /><testcase classname="backend.tests.test_per_company_notifications" name="test_send_now_for_company" time="1.134" /><testcase classname="backend.tests.test_per_company_notifications" name="test_send_now_global" time="0.992" /><testcase classname="backend.tests.test_per_company_notifications" name="test_send_manual_email_for_company" time="0.985" /><testcase classname="backend.tests.test_per_company_notifications" name="test_send_manual_email_invalid_company" time="0.105" /><testcase classname="backend.tests.test_per_company_notifications" name="test_send_now_invalid_company" time="0.117" /><testcase classname="backend.tests.test_per_company_notifications" name="test_endpoints_require_auth" time="0.149" /></testsuite></testsuites>