<?xml version="1.0" encoding="utf-8"?><testsuites name="pytest tests"><testsuite name="pytest" errors="0" failures="0" skipped="0" tests="15" time="7.187" timestamp="2026-02-14T03:00:18.027177+00:00" hostname="agent-env-86f065c1-196e-40a7-be45-9eb86473f44a"><testcase classname="backend.tests.test_requested_features.TestMaintenanceLogsWithPerformedDate" name="test_create_maintenance_with_performed_date" time="0.692" /><testcase classname="backend.tests.test_requested_features.TestMaintenanceLogsWithPerformedDate" name="test_create_maintenance_correctivo_with_all_fields" time="0.447" /><testcase classname="backend.tests.test_requested_features.TestMaintenanceReportsByPeriod" name="test_download_maintenance_report_by_day" time="0.498" /><testcase classname="backend.tests.test_requested_features.TestMaintenanceReportsByPeriod" name="test_download_maintenance_report_by_week" time="0.149" /><testcase classname="backend.tests.test_requested_features.TestMaintenanceReportsByPeriod" name="test_download_maintenance_report_by_month" time="0.125" /><testcase classname="backend.tests.test_requested_features.TestCompanyLogoUrl" name="test_create_company_with_logo_url" time="0.610" /><testcase classname="backend.tests.test_requested_features.TestCompanyLogoUrl" name="test_update_company_logo_url" time="0.247" /><testcase classname="backend.tests.test_requested_features.TestCompanyLogoUrl" name="test_get_company_includes_logo_url" time="0.131" /><testcase classname="backend.tests.test_requested_features.TestEquipmentStatusReportByCompany" name="test_download_equipment_status_report" time="0.705" /><testcase classname="backend.tests.test_requested_features.TestEquipmentAssignment" name="test_create_assignment" time="0.895" /><testcase classname="backend.tests.test_requested_features.TestEquipmentAssignment" name="test_equipment_status_changes_to_asignado" time="0.134" /><testcase classname="backend.tests.test_requested_features.TestEquipmentAssignment" name="test_get_assignments" time="0.142" /><testcase classname="backend.tests.test_requested_features.TestEquipmentAssignment" name="test_return_assignment" time="0.247" /><testcase classname="backend.tests.test_requested_features.TestEquipmentAssignment" name="test_equipment_status_returns_to_disponible" time="0.119" /><testcase classname="backend.tests.test_requested_features.TestCleanup" name="test_cleanup_test_data" time="1.917" /></testsuite></testsuites>