<?xml version="1.0" encoding="utf-8"?><testsuites name="pytest tests"><testsuite name="pytest" errors="0" failures="1" skipped="0" tests="9" time="4.746" timestamp="2026-04-24T02:35:04.802060+00:00" hostname="agent-env-d50bb1df-4c62-439c-a06c-be2de3d9439e"><testcase classname="backend.tests.test_maintenance_refactor" name="test_get_maintenance_list" time="0.620" /><testcase classname="backend.tests.test_maintenance_refactor" name="test_get_maintenance_filter_status" time="0.159" /><testcase classname="backend.tests.test_maintenance_refactor" name="test_get_maintenance_filter_type" time="0.161" /><testcase classname="backend.tests.test_maintenance_refactor" name="test_create_preventivo_maintenance" time="0.416" /><testcase classname="backend.tests.test_maintenance_refactor" name="test_create_correctivo_maintenance" time="0.121" /><testcase classname="backend.tests.test_maintenance_refactor" name="test_start_maintenance_changes_status" time="0.452" /><testcase classname="backend.tests.test_maintenance_refactor" name="test_complete_maintenance_changes_status" time="2.189" /><testcase classname="backend.tests.test_maintenance_refactor" name="test_maintenance_period_report_pdf" time="0.431" /><testcase classname="backend.tests.test_maintenance_refactor" name="test_maintenance_history_pdf" time="0.117"><failure message="AssertionError: {&quot;detail&quot;:&quot;Not Found&quot;}&#10;assert 404 == 200&#10; +  where 404 = &lt;Response [404]&gt;.status_code">backend/tests/test_maintenance_refactor.py:168: in test_maintenance_history_pdf
    assert r.status_code == 200, r.text[:200]
E   AssertionError: {"detail":"Not Found"}
E   assert 404 == 200
E    +  where 404 = &lt;Response [404]&gt;.status_code</failure></testcase></testsuite></testsuites>