<?xml version="1.0" encoding="utf-8"?><testsuites name="pytest tests"><testsuite name="pytest" errors="0" failures="0" skipped="0" tests="6" time="1.541" timestamp="2026-04-24T03:09:02.321173+00:00" hostname="agent-env-d50bb1df-4c62-439c-a06c-be2de3d9439e"><testcase classname="backend.tests.test_dashboard_advanced" name="test_dashboard_stats_regression" time="0.734" /><testcase classname="backend.tests.test_dashboard_advanced" name="test_advanced_stats_shape" time="0.146" /><testcase classname="backend.tests.test_dashboard_advanced" name="test_advanced_stats_maintenance_by_month_entries" time="0.127" /><testcase classname="backend.tests.test_dashboard_advanced" name="test_advanced_stats_equipment_by_status_entries" time="0.130" /><testcase classname="backend.tests.test_dashboard_advanced" name="test_advanced_stats_top_equipment_entries" time="0.158" /><testcase classname="backend.tests.test_dashboard_advanced" name="test_advanced_stats_unauthorized" time="0.169" /></testsuite></testsuites>