<?xml version="1.0" encoding="utf-8"?><testsuites name="pytest tests"><testsuite name="pytest" errors="0" failures="0" skipped="0" tests="6" time="2.034" timestamp="2026-04-24T02:22:45.967314+00:00" hostname="agent-env-d50bb1df-4c62-439c-a06c-be2de3d9439e"><testcase classname="backend.tests.test_office_fields_and_maintenance_pdf.TestEquipmentOfficeFields" name="test_create_equipment_with_office_fields" time="0.512" /><testcase classname="backend.tests.test_office_fields_and_maintenance_pdf.TestEquipmentOfficeFields" name="test_get_equipment_returns_office_fields" time="0.139" /><testcase classname="backend.tests.test_office_fields_and_maintenance_pdf.TestEquipmentOfficeFields" name="test_get_equipment_list_returns_office_fields" time="0.130" /><testcase classname="backend.tests.test_office_fields_and_maintenance_pdf.TestEquipmentOfficeFields" name="test_update_equipment_office_fields" time="0.332" /><testcase classname="backend.tests.test_office_fields_and_maintenance_pdf.TestEquipmentPDFReport" name="test_equipment_pdf_is_generated" time="0.136" /><testcase classname="backend.tests.test_office_fields_and_maintenance_pdf.TestMaintenancePDFReport" name="test_maintenance_pdf_with_assigned_employee" time="0.723" /></testsuite></testsuites>