<?xml version="1.0" encoding="utf-8"?><testsuites name="pytest tests"><testsuite name="pytest" errors="0" failures="0" skipped="0" tests="12" time="3.735" timestamp="2026-04-24T17:22:11.081406+00:00" hostname="agent-env-d50bb1df-4c62-439c-a06c-be2de3d9439e"><testcase classname="backend.tests.test_solicitante_role.TestSolicitanteRoleSeed" name="test_solicitante_role_exists" time="0.616" /><testcase classname="backend.tests.test_solicitante_role.TestUserAssignedEquipment" name="test_sol_user_has_assigned_equipment" time="0.351" /><testcase classname="backend.tests.test_solicitante_role.TestUserAssignedEquipment" name="test_admin_can_create_user_with_assigned_equipment" time="0.874" /><testcase classname="backend.tests.test_solicitante_role.TestMyEquipment" name="test_sol_my_equipment_returns_assigned" time="0.137" /><testcase classname="backend.tests.test_solicitante_role.TestMyEquipment" name="test_admin_my_equipment_returns_empty_if_no_assigned" time="0.110" /><testcase classname="backend.tests.test_solicitante_role.TestTicketsAccess" name="test_sol_gets_only_own_tickets" time="0.113" /><testcase classname="backend.tests.test_solicitante_role.TestTicketsAccess" name="test_admin_gets_all_tickets" time="0.164" /><testcase classname="backend.tests.test_solicitante_role.TestTicketsAccess" name="test_sol_stats_only_own" time="0.264" /><testcase classname="backend.tests.test_solicitante_role.TestTicketsAccess" name="test_admin_stats_shows_all" time="0.229" /><testcase classname="backend.tests.test_solicitante_role.TestSolicitanteCreatesTicket" name="test_sol_creates_ticket_stamped_with_user_id" time="0.562" /><testcase classname="backend.tests.test_solicitante_role.TestStaticRoutesOrder" name="test_constants_not_captured_by_ticket_id_route" time="0.117" /><testcase classname="backend.tests.test_solicitante_role.TestStaticRoutesOrder" name="test_my_equipment_not_captured_by_ticket_id_route" time="0.124" /></testsuite></testsuites>