<?xml version="1.0" encoding="utf-8"?><testsuites name="pytest tests"><testsuite name="pytest" errors="0" failures="0" skipped="0" tests="16" time="4.076" timestamp="2026-04-24T03:24:28.712190+00:00" hostname="agent-env-d50bb1df-4c62-439c-a06c-be2de3d9439e"><testcase classname="backend.tests.test_tickets" name="test_pwa_manifest_public" time="0.264" /><testcase classname="backend.tests.test_tickets" name="test_ticket_constants" time="0.550" /><testcase classname="backend.tests.test_tickets" name="test_create_ticket_assigns_ticket_number" time="0.114" /><testcase classname="backend.tests.test_tickets" name="test_create_ticket_auto_increments" time="0.296" /><testcase classname="backend.tests.test_tickets" name="test_list_tickets" time="0.151" /><testcase classname="backend.tests.test_tickets" name="test_list_tickets_filter_priority" time="0.114" /><testcase classname="backend.tests.test_tickets" name="test_list_tickets_filter_status" time="0.117" /><testcase classname="backend.tests.test_tickets" name="test_list_tickets_filter_category" time="0.107" /><testcase classname="backend.tests.test_tickets" name="test_get_ticket_by_id_enriched" time="0.131" /><testcase classname="backend.tests.test_tickets" name="test_get_ticket_not_found" time="0.109" /><testcase classname="backend.tests.test_tickets" name="test_ticket_stats" time="0.127" /><testcase classname="backend.tests.test_tickets" name="test_update_ticket_status_flow" time="0.660" /><testcase classname="backend.tests.test_tickets" name="test_add_and_list_comments" time="0.349" /><testcase classname="backend.tests.test_tickets" name="test_add_comment_ticket_not_found" time="0.113" /><testcase classname="backend.tests.test_tickets" name="test_delete_ticket_cascades_comments" time="0.579" /><testcase classname="backend.tests.test_tickets" name="test_tickets_require_auth" time="0.216" /></testsuite></testsuites>